{"total": {"lines":{"total":121,"covered":12,"skipped":0,"pct":9.92},"statements":{"total":122,"covered":12,"skipped":0,"pct":9.84},"functions":{"total":15,"covered":0,"skipped":0,"pct":0},"branches":{"total":26,"covered":0,"skipped":0,"pct":0}}
,"/Users/ben/mydata/gitHubDir/ben-open-digger/hypertrons/app/lua-vm/lua-vm.ts": {"lines":{"total":121,"covered":12,"skipped":0,"pct":9.92},"functions":{"total":15,"covered":0,"skipped":0,"pct":0},"statements":{"total":122,"covered":12,"skipped":0,"pct":9.84},"branches":{"total":26,"covered":0,"skipped":0,"pct":0}}
}
