{"/Users/ben/mydata/gitHubDir/ben-open-digger/hypertrons/app/lua-vm/lua-vm.ts": {"path":"/Users/ben/mydata/gitHubDir/ben-open-digger/hypertrons/app/lua-vm/lua-vm.ts","statementMap":{"0":{"start":{"line":15,"column":0},"end":{"line":15,"column":30}},"1":{"start":{"line":16,"column":0},"end":{"line":16,"column":52}},"2":{"start":{"line":17,"column":0},"end":{"line":17,"column":52}},"3":{"start":{"line":18,"column":0},"end":{"line":18,"column":53}},"4":{"start":{"line":19,"column":0},"end":{"line":19,"column":52}},"5":{"start":{"line":20,"column":0},"end":{"line":20,"column":57}},"6":{"start":{"line":21,"column":0},"end":{"line":21,"column":34}},"7":{"start":{"line":22,"column":0},"end":{"line":22,"column":28}},"8":{"start":{"line":24,"column":12},"end":{"line":24,"column":23}},"9":{"start":{"line":25,"column":16},"end":{"line":25,"column":31}},"10":{"start":{"line":27,"column":22},"end":{"line":27,"column":77}},"11":{"start":{"line":35,"column":4},"end":{"line":35,"column":37}},"12":{"start":{"line":37,"column":16},"end":{"line":37,"column":38}},"13":{"start":{"line":38,"column":4},"end":{"line":42,"column":43}},"14":{"start":{"line":43,"column":4},"end":{"line":46,"column":7}},"15":{"start":{"line":44,"column":6},"end":{"line":44,"column":72}},"16":{"start":{"line":45,"column":6},"end":{"line":45,"column":29}},"17":{"start":{"line":47,"column":4},"end":{"line":47,"column":38}},"18":{"start":{"line":51,"column":4},"end":{"line":51,"column":36}},"19":{"start":{"line":53,"column":16},"end":{"line":53,"column":50}},"20":{"start":{"line":55,"column":8},"end":{"line":55,"column":39}},"21":{"start":{"line":58,"column":4},"end":{"line":58,"column":64}},"22":{"start":{"line":59,"column":4},"end":{"line":59,"column":42}},"23":{"start":{"line":64,"column":6},"end":{"line":64,"column":48}},"24":{"start":{"line":66,"column":4},"end":{"line":66,"column":29}},"25":{"start":{"line":67,"column":4},"end":{"line":67,"column":16}},"26":{"start":{"line":71,"column":20},"end":{"line":101,"column":5}},"27":{"start":{"line":73,"column":22},"end":{"line":81,"column":7}},"28":{"start":{"line":74,"column":22},"end":{"line":74,"column":39}},"29":{"start":{"line":75,"column":28},"end":{"line":75,"column":30}},"30":{"start":{"line":76,"column":21},"end":{"line":76,"column":22}},"31":{"start":{"line":77,"column":24},"end":{"line":77,"column":52}},"32":{"start":{"line":78,"column":10},"end":{"line":78,"column":27}},"33":{"start":{"line":80,"column":8},"end":{"line":80,"column":20}},"34":{"start":{"line":82,"column":19},"end":{"line":82,"column":28}},"35":{"start":{"line":84,"column":18},"end":{"line":84,"column":44}},"36":{"start":{"line":87,"column":8},"end":{"line":95,"column":11}},"37":{"start":{"line":90,"column":12},"end":{"line":90,"column":41}},"38":{"start":{"line":92,"column":12},"end":{"line":92,"column":38}},"39":{"start":{"line":93,"column":12},"end":{"line":93,"column":41}},"40":{"start":{"line":96,"column":8},"end":{"line":96,"column":35}},"41":{"start":{"line":99,"column":8},"end":{"line":99,"column":43}},"42":{"start":{"line":103,"column":4},"end":{"line":103,"column":56}},"43":{"start":{"line":104,"column":4},"end":{"line":104,"column":19}},"44":{"start":{"line":111,"column":6},"end":{"line":111,"column":23}},"45":{"start":{"line":113,"column":4},"end":{"line":113,"column":39}},"46":{"start":{"line":114,"column":17},"end":{"line":114,"column":39}},"47":{"start":{"line":117,"column":8},"end":{"line":117,"column":42}},"48":{"start":{"line":119,"column":8},"end":{"line":119,"column":44}},"49":{"start":{"line":121,"column":8},"end":{"line":121,"column":43}},"50":{"start":{"line":123,"column":8},"end":{"line":123,"column":44}},"51":{"start":{"line":127,"column":8},"end":{"line":127,"column":36}},"52":{"start":{"line":128,"column":22},"end":{"line":128,"column":64}},"53":{"start":{"line":129,"column":8},"end":{"line":150,"column":10}},"54":{"start":{"line":131,"column":30},"end":{"line":131,"column":47}},"55":{"start":{"line":132,"column":10},"end":{"line":132,"column":59}},"56":{"start":{"line":133,"column":10},"end":{"line":136,"column":13}},"57":{"start":{"line":135,"column":12},"end":{"line":135,"column":38}},"58":{"start":{"line":138,"column":20},"end":{"line":138,"column":69}},"59":{"start":{"line":141,"column":12},"end":{"line":141,"column":98}},"60":{"start":{"line":143,"column":10},"end":{"line":143,"column":26}},"61":{"start":{"line":147,"column":12},"end":{"line":147,"column":44}},"62":{"start":{"line":149,"column":10},"end":{"line":149,"column":21}},"63":{"start":{"line":154,"column":8},"end":{"line":159,"column":19}},"64":{"start":{"line":155,"column":10},"end":{"line":155,"column":39}},"65":{"start":{"line":156,"column":10},"end":{"line":156,"column":40}},"66":{"start":{"line":157,"column":10},"end":{"line":157,"column":28}},"67":{"start":{"line":162,"column":29},"end":{"line":162,"column":31}},"68":{"start":{"line":163,"column":23},"end":{"line":163,"column":24}},"69":{"start":{"line":164,"column":12},"end":{"line":164,"column":41}},"70":{"start":{"line":165,"column":22},"end":{"line":165,"column":47}},"71":{"start":{"line":166,"column":12},"end":{"line":166,"column":30}},"72":{"start":{"line":167,"column":12},"end":{"line":167,"column":26}},"73":{"start":{"line":167,"column":20},"end":{"line":167,"column":26}},"74":{"start":{"line":168,"column":12},"end":{"line":168,"column":24}},"75":{"start":{"line":170,"column":10},"end":{"line":170,"column":21}},"76":{"start":{"line":172,"column":27},"end":{"line":172,"column":29}},"77":{"start":{"line":173,"column":10},"end":{"line":173,"column":29}},"78":{"start":{"line":177,"column":26},"end":{"line":177,"column":51}},"79":{"start":{"line":178,"column":24},"end":{"line":178,"column":49}},"80":{"start":{"line":180,"column":14},"end":{"line":180,"column":31}},"81":{"start":{"line":182,"column":12},"end":{"line":182,"column":30}},"82":{"start":{"line":184,"column":10},"end":{"line":184,"column":21}},"83":{"start":{"line":187,"column":8},"end":{"line":187,"column":42}},"84":{"start":{"line":189,"column":8},"end":{"line":189,"column":25}},"85":{"start":{"line":191,"column":8},"end":{"line":191,"column":20}},"86":{"start":{"line":193,"column":8},"end":{"line":193,"column":66}},"87":{"start":{"line":194,"column":8},"end":{"line":194,"column":25}},"88":{"start":{"line":199,"column":17},"end":{"line":199,"column":29}},"89":{"start":{"line":202,"column":8},"end":{"line":202,"column":37}},"90":{"start":{"line":203,"column":8},"end":{"line":203,"column":14}},"91":{"start":{"line":205,"column":8},"end":{"line":205,"column":37}},"92":{"start":{"line":206,"column":8},"end":{"line":206,"column":14}},"93":{"start":{"line":208,"column":8},"end":{"line":208,"column":38}},"94":{"start":{"line":209,"column":8},"end":{"line":209,"column":14}},"95":{"start":{"line":212,"column":10},"end":{"line":212,"column":19}},"96":{"start":{"line":215,"column":10},"end":{"line":215,"column":30}},"97":{"start":{"line":216,"column":11},"end":{"line":223,"column":13}},"98":{"start":{"line":217,"column":22},"end":{"line":217,"column":47}},"99":{"start":{"line":219,"column":14},"end":{"line":219,"column":44}},"100":{"start":{"line":221,"column":14},"end":{"line":221,"column":32}},"101":{"start":{"line":225,"column":10},"end":{"line":225,"column":54}},"102":{"start":{"line":226,"column":10},"end":{"line":226,"column":16}},"103":{"start":{"line":228,"column":10},"end":{"line":228,"column":30}},"104":{"start":{"line":229,"column":10},"end":{"line":248,"column":13}},"105":{"start":{"line":230,"column":12},"end":{"line":230,"column":39}},"106":{"start":{"line":231,"column":22},"end":{"line":231,"column":32}},"107":{"start":{"line":232,"column":20},"end":{"line":232,"column":21}},"108":{"start":{"line":235,"column":24},"end":{"line":235,"column":56}},"109":{"start":{"line":236,"column":14},"end":{"line":236,"column":51}},"110":{"start":{"line":238,"column":14},"end":{"line":238,"column":53}},"111":{"start":{"line":243,"column":14},"end":{"line":243,"column":32}},"112":{"start":{"line":246,"column":14},"end":{"line":246,"column":38}},"113":{"start":{"line":250,"column":8},"end":{"line":250,"column":14}},"114":{"start":{"line":252,"column":8},"end":{"line":252,"column":41}},"115":{"start":{"line":253,"column":8},"end":{"line":253,"column":14}},"116":{"start":{"line":255,"column":8},"end":{"line":255,"column":17}},"117":{"start":{"line":257,"column":8},"end":{"line":257,"column":51}},"118":{"start":{"line":258,"column":8},"end":{"line":258,"column":17}},"119":{"start":{"line":260,"column":4},"end":{"line":260,"column":13}},"120":{"start":{"line":264,"column":4},"end":{"line":264,"column":44}},"121":{"start":{"line":29,"column":0},"end":{"line":29,"column":13}}},"fnMap":{"0":{"name":"(anonymous_0)","decl":{"start":{"line":34,"column":2},"end":{"line":34,"column":null}},"loc":{"start":{"line":34,"column":2},"end":{"line":48,"column":3}}},"1":{"name":"(anonymous_1)","decl":{"start":{"line":43,"column":16},"end":{"line":43,"column":17}},"loc":{"start":{"line":43,"column":30},"end":{"line":46,"column":5}}},"2":{"name":"(anonymous_2)","decl":{"start":{"line":50,"column":9},"end":{"line":50,"column":12}},"loc":{"start":{"line":50,"column":27},"end":{"line":60,"column":3}}},"3":{"name":"(anonymous_3)","decl":{"start":{"line":62,"column":9},"end":{"line":62,"column":12}},"loc":{"start":{"line":62,"column":50},"end":{"line":68,"column":3}}},"4":{"name":"(anonymous_4)","decl":{"start":{"line":70,"column":10},"end":{"line":70,"column":18}},"loc":{"start":{"line":70,"column":75},"end":{"line":105,"column":3}}},"5":{"name":"(anonymous_5)","decl":{"start":{"line":71,"column":20},"end":{"line":71,"column":21}},"loc":{"start":{"line":71,"column":36},"end":{"line":101,"column":5}}},"6":{"name":"(anonymous_6)","decl":{"start":{"line":73,"column":22},"end":{"line":73,"column":32}},"loc":{"start":{"line":73,"column":34},"end":{"line":81,"column":7}}},"7":{"name":"(anonymous_7)","decl":{"start":{"line":87,"column":34},"end":{"line":87,"column":35}},"loc":{"start":{"line":87,"column":38},"end":{"line":95,"column":9}}},"8":{"name":"(anonymous_8)","decl":{"start":{"line":107,"column":10},"end":{"line":107,"column":23}},"loc":{"start":{"line":107,"column":45},"end":{"line":196,"column":3}}},"9":{"name":"(anonymous_9)","decl":{"start":{"line":129,"column":15},"end":{"line":129,"column":16}},"loc":{"start":{"line":129,"column":39},"end":{"line":150,"column":9}}},"10":{"name":"(anonymous_10)","decl":{"start":{"line":133,"column":23},"end":{"line":133,"column":24}},"loc":{"start":{"line":133,"column":27},"end":{"line":136,"column":11}}},"11":{"name":"(anonymous_11)","decl":{"start":{"line":198,"column":10},"end":{"line":198,"column":24}},"loc":{"start":{"line":198,"column":57},"end":{"line":261,"column":3}}},"12":{"name":"(anonymous_12)","decl":{"start":{"line":216,"column":35},"end":{"line":216,"column":36}},"loc":{"start":{"line":216,"column":44},"end":{"line":223,"column":11}}},"13":{"name":"(anonymous_13)","decl":{"start":{"line":229,"column":37},"end":{"line":229,"column":40}},"loc":{"start":{"line":229,"column":43},"end":{"line":248,"column":11}}},"14":{"name":"(anonymous_14)","decl":{"start":{"line":263,"column":9},"end":{"line":263,"column":30}},"loc":{"start":{"line":263,"column":30},"end":{"line":265,"column":3}}}},"branchMap":{"0":{"loc":{"start":{"line":85,"column":10},"end":{"line":85,"column":32}},"type":"binary-expr","locations":[{"start":{"line":85,"column":10},"end":{"line":85,"column":32}},{"start":{"line":85,"column":36},"end":{"line":85,"column":58}}]},"1":{"loc":{"start":{"line":116,"column":6},"end":{"line":117,"column":42}},"type":"switch","locations":[{"start":{"line":116,"column":6},"end":{"line":117,"column":42}},{"start":{"line":118,"column":6},"end":{"line":119,"column":44}},{"start":{"line":120,"column":6},"end":{"line":121,"column":43}},{"start":{"line":122,"column":6},"end":{"line":123,"column":44}},{"start":{"line":124,"column":6},"end":{"line":150,"column":10}},{"start":{"line":186,"column":6},"end":{"line":187,"column":42}},{"start":{"line":188,"column":6},"end":{"line":189,"column":25}},{"start":{"line":190,"column":6},"end":{"line":191,"column":20}},{"start":{"line":192,"column":6},"end":{"line":194,"column":25}}]},"2":{"loc":{"start":{"line":160,"column":12},"end":{"line":160,"column":22}},"type":"binary-expr","locations":[{"start":{"line":160,"column":12},"end":{"line":160,"column":22}},{"start":{"line":160,"column":26},"end":{"line":160,"column":41}}]},"3":{"loc":{"start":{"line":167,"column":12},"end":{"line":167,"column":26}},"type":"if","locations":[{"start":{"line":167,"column":12},"end":{"line":167,"column":26}},{"start":{"line":167,"column":12},"end":{"line":167,"column":26}}]},"4":{"loc":{"start":{"line":179,"column":16},"end":{"line":179,"column":21}},"type":"binary-expr","locations":[{"start":{"line":179,"column":16},"end":{"line":179,"column":21}},{"start":{"line":179,"column":25},"end":{"line":179,"column":28}}]},"5":{"loc":{"start":{"line":201,"column":6},"end":{"line":203,"column":14}},"type":"switch","locations":[{"start":{"line":201,"column":6},"end":{"line":203,"column":14}},{"start":{"line":204,"column":6},"end":{"line":206,"column":14}},{"start":{"line":207,"column":6},"end":{"line":209,"column":14}},{"start":{"line":210,"column":6},"end":{"line":250,"column":14}},{"start":{"line":251,"column":6},"end":{"line":253,"column":14}},{"start":{"line":254,"column":6},"end":{"line":255,"column":17}},{"start":{"line":256,"column":6},"end":{"line":258,"column":17}}]},"6":{"loc":{"start":{"line":211,"column":12},"end":{"line":211,"column":26}},"type":"binary-expr","locations":[{"start":{"line":211,"column":12},"end":{"line":211,"column":26}},{"start":{"line":211,"column":30},"end":{"line":211,"column":49}}]}},"s":{"0":1,"1":1,"2":1,"3":1,"4":1,"5":1,"6":1,"7":1,"8":1,"9":1,"10":1,"11":0,"12":0,"13":0,"14":0,"15":0,"16":0,"17":0,"18":0,"19":0,"20":0,"21":0,"22":0,"23":0,"24":0,"25":0,"26":0,"27":0,"28":0,"29":0,"30":0,"31":0,"32":0,"33":0,"34":0,"35":0,"36":0,"37":0,"38":0,"39":0,"40":0,"41":0,"42":0,"43":0,"44":0,"45":0,"46":0,"47":0,"48":0,"49":0,"50":0,"51":0,"52":0,"53":0,"54":0,"55":0,"56":0,"57":0,"58":0,"59":0,"60":0,"61":0,"62":0,"63":0,"64":0,"65":0,"66":0,"67":0,"68":0,"69":0,"70":0,"71":0,"72":0,"73":0,"74":0,"75":0,"76":0,"77":0,"78":0,"79":0,"80":0,"81":0,"82":0,"83":0,"84":0,"85":0,"86":0,"87":0,"88":0,"89":0,"90":0,"91":0,"92":0,"93":0,"94":0,"95":0,"96":0,"97":0,"98":0,"99":0,"100":0,"101":0,"102":0,"103":0,"104":0,"105":0,"106":0,"107":0,"108":0,"109":0,"110":0,"111":0,"112":0,"113":0,"114":0,"115":0,"116":0,"117":0,"118":0,"119":0,"120":0,"121":1},"f":{"0":0,"1":0,"2":0,"3":0,"4":0,"5":0,"6":0,"7":0,"8":0,"9":0,"10":0,"11":0,"12":0,"13":0,"14":0},"b":{"0":[0,0],"1":[0,0,0,0,0,0,0,0,0],"2":[0,0],"3":[0,0],"4":[0,0],"5":[0,0,0,0,0,0,0],"6":[0,0]}}
}
