TN:
SF:/Users/ben/mydata/gitHubDir/ben-open-digger/hypertrons/app/lua-vm/lua-vm.ts
FN:34,(anonymous_0)
FN:43,(anonymous_1)
FN:50,(anonymous_2)
FN:62,(anonymous_3)
FN:70,(anonymous_4)
FN:71,(anonymous_5)
FN:73,(anonymous_6)
FN:87,(anonymous_7)
FN:107,(anonymous_8)
FN:129,(anonymous_9)
FN:133,(anonymous_10)
FN:198,(anonymous_11)
FN:216,(anonymous_12)
FN:229,(anonymous_13)
FN:263,(anonymous_14)
FNF:15
FNH:0
FNDA:0,(anonymous_0)
FNDA:0,(anonymous_1)
FNDA:0,(anonymous_2)
FNDA:0,(anonymous_3)
FNDA:0,(anonymous_4)
FNDA:0,(anonymous_5)
FNDA:0,(anonymous_6)
FNDA:0,(anonymous_7)
FNDA:0,(anonymous_8)
FNDA:0,(anonymous_9)
FNDA:0,(anonymous_10)
FNDA:0,(anonymous_11)
FNDA:0,(anonymous_12)
FNDA:0,(anonymous_13)
FNDA:0,(anonymous_14)
DA:15,1
DA:16,1
DA:17,1
DA:18,1
DA:19,1
DA:20,1
DA:21,1
DA:22,1
DA:24,1
DA:25,1
DA:27,1
DA:29,1
DA:35,0
DA:37,0
DA:38,0
DA:43,0
DA:44,0
DA:45,0
DA:47,0
DA:51,0
DA:53,0
DA:55,0
DA:58,0
DA:59,0
DA:64,0
DA:66,0
DA:67,0
DA:71,0
DA:73,0
DA:74,0
DA:75,0
DA:76,0
DA:77,0
DA:78,0
DA:80,0
DA:82,0
DA:84,0
DA:87,0
DA:90,0
DA:92,0
DA:93,0
DA:96,0
DA:99,0
DA:103,0
DA:104,0
DA:111,0
DA:113,0
DA:114,0
DA:117,0
DA:119,0
DA:121,0
DA:123,0
DA:127,0
DA:128,0
DA:129,0
DA:131,0
DA:132,0
DA:133,0
DA:135,0
DA:138,0
DA:141,0
DA:143,0
DA:147,0
DA:149,0
DA:154,0
DA:155,0
DA:156,0
DA:157,0
DA:162,0
DA:163,0
DA:164,0
DA:165,0
DA:166,0
DA:167,0
DA:168,0
DA:170,0
DA:172,0
DA:173,0
DA:177,0
DA:178,0
DA:180,0
DA:182,0
DA:184,0
DA:187,0
DA:189,0
DA:191,0
DA:193,0
DA:194,0
DA:199,0
DA:202,0
DA:203,0
DA:205,0
DA:206,0
DA:208,0
DA:209,0
DA:212,0
DA:215,0
DA:216,0
DA:217,0
DA:219,0
DA:221,0
DA:225,0
DA:226,0
DA:228,0
DA:229,0
DA:230,0
DA:231,0
DA:232,0
DA:235,0
DA:236,0
DA:238,0
DA:243,0
DA:246,0
DA:250,0
DA:252,0
DA:253,0
DA:255,0
DA:257,0
DA:258,0
DA:260,0
DA:264,0
LF:121
LH:12
BRDA:85,0,0,0
BRDA:85,0,1,0
BRDA:116,1,0,0
BRDA:116,1,1,0
BRDA:116,1,2,0
BRDA:116,1,3,0
BRDA:116,1,4,0
BRDA:116,1,5,0
BRDA:116,1,6,0
BRDA:116,1,7,0
BRDA:116,1,8,0
BRDA:160,2,0,0
BRDA:160,2,1,0
BRDA:167,3,0,0
BRDA:167,3,1,0
BRDA:179,4,0,0
BRDA:179,4,1,0
BRDA:201,5,0,0
BRDA:201,5,1,0
BRDA:201,5,2,0
BRDA:201,5,3,0
BRDA:201,5,4,0
BRDA:201,5,5,0
BRDA:201,5,6,0
BRDA:211,6,0,0
BRDA:211,6,1,0
BRF:26
BRH:0
end_of_record
